<?xml version="1.0" encoding="UTF-8"?>
<!-- Generated by org.testng.reporters.JUnitXMLReporter -->
<testsuite ignored="2" hostname="DESKTOP-T7ICDAV" failures="0" tests="3" name="Default test" time="8.302" errors="0" timestamp="2022-05-08T20:36:16 IST">
  <testcase classname="restassuredlearning.JiraApi" name="PostReqs" time="4.266"/>
  <testcase classname="restassuredlearning.JiraApi" name="PostReqscomm" time="2.148"/>
  <testcase classname="restassuredlearning.JiraApi" name="attachment" time="0.783"/>
  <testcase classname="restassuredlearning.JiraApi" name="removeAttach" time="0.0">
    <ignored/>
  </testcase> <!-- removeAttach -->
  <testcase classname="restassuredlearning.JiraApi" name="deleteComm" time="0.0">
    <ignored/>
  </testcase> <!-- deleteComm -->
</testsuite> <!-- Default test -->
