<?xml version="1.0" encoding="UTF-8"?>
<testng-results ignored="2" total="5" passed="3" failed="0" skipped="0">
  <reporter-output>
  </reporter-output>
  <suite started-at="2022-05-08T20:36:08 IST" name="Default suite" finished-at="2022-05-08T20:36:16 IST" duration-ms="8302">
    <groups>
    </groups>
    <test started-at="2022-05-08T20:36:08 IST" name="Default test" finished-at="2022-05-08T20:36:16 IST" duration-ms="8302">
      <class name="restassuredlearning.JiraApi">
        <test-method is-config="true" signature="base()[pri:0, instance:restassuredlearning.JiraApi@662b4c69]" started-at="2022-05-08T20:36:08 IST" name="base" finished-at="2022-05-08T20:36:09 IST" duration-ms="1018" status="PASS">
          <reporter-output>
          </reporter-output>
        </test-method> <!-- base -->
        <test-method signature="PostReqs()[pri:0, instance:restassuredlearning.JiraApi@662b4c69]" started-at="2022-05-08T20:36:09 IST" name="PostReqs" finished-at="2022-05-08T20:36:13 IST" duration-ms="4266" status="PASS">
          <reporter-output>
          </reporter-output>
        </test-method> <!-- PostReqs -->
        <test-method is-config="true" signature="base()[pri:0, instance:restassuredlearning.JiraApi@662b4c69]" started-at="2022-05-08T20:36:13 IST" name="base" finished-at="2022-05-08T20:36:13 IST" duration-ms="1" status="PASS">
          <reporter-output>
          </reporter-output>
        </test-method> <!-- base -->
        <test-method signature="PostReqscomm()[pri:0, instance:restassuredlearning.JiraApi@662b4c69]" started-at="2022-05-08T20:36:13 IST" name="PostReqscomm" finished-at="2022-05-08T20:36:15 IST" duration-ms="2148" status="PASS">
          <reporter-output>
          </reporter-output>
        </test-method> <!-- PostReqscomm -->
        <test-method is-config="true" signature="base()[pri:0, instance:restassuredlearning.JiraApi@662b4c69]" started-at="2022-05-08T20:36:15 IST" name="base" finished-at="2022-05-08T20:36:15 IST" duration-ms="2" status="PASS">
          <reporter-output>
          </reporter-output>
        </test-method> <!-- base -->
        <test-method signature="attachment()[pri:0, instance:restassuredlearning.JiraApi@662b4c69]" started-at="2022-05-08T20:36:15 IST" name="attachment" finished-at="2022-05-08T20:36:16 IST" duration-ms="783" status="PASS">
          <reporter-output>
          </reporter-output>
        </test-method> <!-- attachment -->
      </class> <!-- restassuredlearning.JiraApi -->
    </test> <!-- Default test -->
  </suite> <!-- Default suite -->
</testng-results>
